<?xml version="1.0" encoding="UTF-8"?>
<!-- Generated by org.testng.reporters.JUnitReportReporter -->
<testsuite hostname="WINDOWS-BED5AOG" name="TestCases.VerifyHomePage" tests="3" failures="0" timestamp="12 Apr 2017 16:21:58 GMT" time="40.431" errors="0">
  <testcase name="testHomePage" time="13.693" classname="TestCases.VerifyHomePage"/>
  <testcase name="test3" time="13.390" classname="TestCases.VerifyHomePage"/>
  <testcase name="test2" time="13.348" classname="TestCases.VerifyHomePage"/>
</testsuite> <!-- TestCases.VerifyHomePage -->
